{
  "stats": {
    "suites": 12,
    "tests": 41,
    "passes": 29,
    "pending": 0,
    "failures": 12,
    "start": "2022-08-03T13:15:17.433Z",
    "end": "2022-08-03T13:16:14.168Z",
    "duration": 56735,
    "testsRegistered": 41,
    "passPercent": 70.73170731707317,
    "pendingPercent": 0,
    "other": 0,
    "hasOther": false,
    "skipped": 0,
    "hasSkipped": false
  },
  "results": [
    {
      "uuid": "5181359a-bcb5-48b4-9a59-88cd327873a1",
      "title": "",
      "fullFile": "cypress/integration/project.spec.js",
      "file": "cypress/integration/project.spec.js",
      "beforeHooks": [],
      "afterHooks": [],
      "tests": [],
      "suites": [
        {
          "uuid": "7981ccf2-2785-4688-a348-9a7279829116",
          "title": "1 - Adicione à página o título \"Paleta de Cores\"",
          "fullFile": "",
          "file": "",
          "beforeHooks": [],
          "afterHooks": [],
          "tests": [
            {
              "title": "Verifica se contém um elemento `h1` com o id `title` com o título correto",
              "fullTitle": "1 - Adicione à página o título \"Paleta de Cores\" Verifica se contém um elemento `h1` com o id `title` com o título correto",
              "timedOut": null,
              "duration": 287,
              "state": "passed",
              "speed": "slow",
              "pass": true,
              "fail": false,
              "pending": false,
              "context": null,
              "code": "cy.get('h1#title').should('contain.text', 'Paleta de Cores');",
              "err": {},
              "uuid": "365ece07-3865-494d-9cfe-8ed16f15721f",
              "parentUUID": "7981ccf2-2785-4688-a348-9a7279829116",
              "isHook": false,
              "skipped": false
            }
          ],
          "suites": [],
          "passes": [
            "365ece07-3865-494d-9cfe-8ed16f15721f"
          ],
          "failures": [],
          "pending": [],
          "skipped": [],
          "duration": 287,
          "root": false,
          "rootEmpty": false,
          "_timeout": 2000
        },
        {
          "uuid": "08b82c5e-143c-4d6c-9abd-476586e37e85",
          "title": "2 - Adicione à página uma paleta contendo quatro cores distintas",
          "fullFile": "",
          "file": "",
          "beforeHooks": [],
          "afterHooks": [],
          "tests": [
            {
              "title": "A paleta de cores deve ser um elemento com `id` denominado `color-palette` e ter mais de 0px de altura e de largura.",
              "fullTitle": "2 - Adicione à página uma paleta contendo quatro cores distintas A paleta de cores deve ser um elemento com `id` denominado `color-palette` e ter mais de 0px de altura e de largura.",
              "timedOut": null,
              "duration": 123,
              "state": "passed",
              "speed": "slow",
              "pass": true,
              "fail": false,
              "pending": false,
              "context": null,
              "code": "cy.get('#color-palette').should('be.visible');\ncy.get('#color-palette').children('.color');",
              "err": {},
              "uuid": "d53a4cb1-d2de-42e8-ad83-4a9792e2167d",
              "parentUUID": "08b82c5e-143c-4d6c-9abd-476586e37e85",
              "isHook": false,
              "skipped": false
            },
            {
              "title": "Verifica se cada cor individual da paleta de cores possui a `classe` chamada `color`.",
              "fullTitle": "2 - Adicione à página uma paleta contendo quatro cores distintas Verifica se cada cor individual da paleta de cores possui a `classe` chamada `color`.",
              "timedOut": null,
              "duration": 112,
              "state": "passed",
              "speed": "slow",
              "pass": true,
              "fail": false,
              "pending": false,
              "context": null,
              "code": "cy.get('.color').should('have.length', 4).then(function (colors) {\n  for (var i = 0; i < colors.length; i++) {\n    cy.wrap(colors[i]).should('be.visible');\n  }\n});",
              "err": {},
              "uuid": "acd89e0c-82fe-4d3b-91ea-e15b59f1e123",
              "parentUUID": "08b82c5e-143c-4d6c-9abd-476586e37e85",
              "isHook": false,
              "skipped": false
            },
            {
              "title": "Verifica se a cor de fundo de cada elemento da paleta é a cor que o elemento representa. **A única cor não permitida na paleta é a cor branca.**",
              "fullTitle": "2 - Adicione à página uma paleta contendo quatro cores distintas Verifica se a cor de fundo de cada elemento da paleta é a cor que o elemento representa. **A única cor não permitida na paleta é a cor branca.**",
              "timedOut": null,
              "duration": 115,
              "state": "passed",
              "speed": "slow",
              "pass": true,
              "fail": false,
              "pending": false,
              "context": null,
              "code": "cy.get('.color').each(function (color) {\n  cy.wrap(color).should('have.class', 'color').and('not.have.css', 'background-color', WHITE);\n  cy.wrap(color).should('have.css', 'background-color');\n});",
              "err": {},
              "uuid": "58bb362c-3e9a-4c78-8889-db2f19bb8b0b",
              "parentUUID": "08b82c5e-143c-4d6c-9abd-476586e37e85",
              "isHook": false,
              "skipped": false
            },
            {
              "title": "Verifica se cada elemento da paleta de cores tem uma borda preta, sólida e com 1 pixel de largura;",
              "fullTitle": "2 - Adicione à página uma paleta contendo quatro cores distintas Verifica se cada elemento da paleta de cores tem uma borda preta, sólida e com 1 pixel de largura;",
              "timedOut": null,
              "duration": 100,
              "state": "passed",
              "speed": "slow",
              "pass": true,
              "fail": false,
              "pending": false,
              "context": null,
              "code": "cy.get('.color').each(function (color) {\n  cy.wrap(color).and('have.css', 'border', \"1px solid \".concat(BLACK)).and('have.class', 'color');\n});",
              "err": {},
              "uuid": "ef3b2c3c-bc58-4272-8593-d8f144367b43",
              "parentUUID": "08b82c5e-143c-4d6c-9abd-476586e37e85",
              "isHook": false,
              "skipped": false
            },
            {
              "title": "Verifica se a paleta lista todas as cores disponíveis para utilização, lado a lado.",
              "fullTitle": "2 - Adicione à página uma paleta contendo quatro cores distintas Verifica se a paleta lista todas as cores disponíveis para utilização, lado a lado.",
              "timedOut": null,
              "duration": 116,
              "state": "passed",
              "speed": "slow",
              "pass": true,
              "fail": false,
              "pending": false,
              "context": null,
              "code": "cy.get('.color').then(function (colors) {\n  for (var index = 1; index < colors.length; index += 1) {\n    var currentColor = colors[index];\n    var previousColor = colors[index - 1];\n    cy.wrap(currentColor).should('be.onTheRightOf', previousColor).and('be.horizontallyAlignedWith', previousColor);\n  }\n});",
              "err": {},
              "uuid": "fb0c27a1-ad8f-4b46-ae8a-245a8d82ceb4",
              "parentUUID": "08b82c5e-143c-4d6c-9abd-476586e37e85",
              "isHook": false,
              "skipped": false
            },
            {
              "title": "Verifica se a paleta de cores está posicionada abaixo do título 'Paleta de Cores'",
              "fullTitle": "2 - Adicione à página uma paleta contendo quatro cores distintas Verifica se a paleta de cores está posicionada abaixo do título 'Paleta de Cores'",
              "timedOut": null,
              "duration": 106,
              "state": "passed",
              "speed": "slow",
              "pass": true,
              "fail": false,
              "pending": false,
              "context": null,
              "code": "cy.get('h1#title').then(function (title) {\n  cy.get('#color-palette').should('be.belowOf', title);\n});",
              "err": {},
              "uuid": "54f3c5f6-091a-4e41-a8b9-f76c14ecde4f",
              "parentUUID": "08b82c5e-143c-4d6c-9abd-476586e37e85",
              "isHook": false,
              "skipped": false
            },
            {
              "title": "Verifica se a paleta de cores não contém cores repetidas.",
              "fullTitle": "2 - Adicione à página uma paleta contendo quatro cores distintas Verifica se a paleta de cores não contém cores repetidas.",
              "timedOut": null,
              "duration": 81,
              "state": "passed",
              "speed": "slow",
              "pass": true,
              "fail": false,
              "pending": false,
              "context": null,
              "code": "cy.get('.color').then(function (colors) {\n  var allColors = Array.from(colors).map(function (color) {\n    return Cypress.$(color).css('background-color');\n  });\n  cy.log(allColors);\n  var uniqColors = (0, _toConsumableArray2[\"default\"])(new Set(allColors));\n  cy.log(uniqColors);\n  expect(allColors.length).to.eq(uniqColors.length);\n});",
              "err": {},
              "uuid": "e0525ac3-47d7-46a2-aca4-e33209785e9d",
              "parentUUID": "08b82c5e-143c-4d6c-9abd-476586e37e85",
              "isHook": false,
              "skipped": false
            }
          ],
          "suites": [],
          "passes": [
            "d53a4cb1-d2de-42e8-ad83-4a9792e2167d",
            "acd89e0c-82fe-4d3b-91ea-e15b59f1e123",
            "58bb362c-3e9a-4c78-8889-db2f19bb8b0b",
            "ef3b2c3c-bc58-4272-8593-d8f144367b43",
            "fb0c27a1-ad8f-4b46-ae8a-245a8d82ceb4",
            "54f3c5f6-091a-4e41-a8b9-f76c14ecde4f",
            "e0525ac3-47d7-46a2-aca4-e33209785e9d"
          ],
          "failures": [],
          "pending": [],
          "skipped": [],
          "duration": 753,
          "root": false,
          "rootEmpty": false,
          "_timeout": 2000
        },
        {
          "uuid": "bbda8b75-912b-426e-9377-fff13468c15e",
          "title": "3 - Adicione a cor **preta** como a primeira cor da paleta de cores",
          "fullFile": "",
          "file": "",
          "beforeHooks": [],
          "afterHooks": [],
          "tests": [
            {
              "title": "Verifica se a primeira cor da paleta é preta",
              "fullTitle": "3 - Adicione a cor **preta** como a primeira cor da paleta de cores Verifica se a primeira cor da paleta é preta",
              "timedOut": null,
              "duration": 102,
              "state": "passed",
              "speed": "slow",
              "pass": true,
              "fail": false,
              "pending": false,
              "context": null,
              "code": "cy.get('.color').first().should('have.css', 'background-color', BLACK);",
              "err": {},
              "uuid": "7b699b4b-1443-4dd3-ab40-e92935c413b8",
              "parentUUID": "bbda8b75-912b-426e-9377-fff13468c15e",
              "isHook": false,
              "skipped": false
            },
            {
              "title": "Verifica se as demais cores podem ser escolhidas livremente.",
              "fullTitle": "3 - Adicione a cor **preta** como a primeira cor da paleta de cores Verifica se as demais cores podem ser escolhidas livremente.",
              "timedOut": null,
              "duration": 138,
              "state": "passed",
              "speed": "slow",
              "pass": true,
              "fail": false,
              "pending": false,
              "context": null,
              "code": "cy.get('.color').eq(1).should('not.have.css', 'background-color', BLACK);\ncy.get('.color').eq(1).should('not.have.css', 'background-color', WHITE);\ncy.get('.color').eq(1).should('not.have.css', 'background-color', 'rgba(0, 0, 0, 0)');\ncy.get('.color').eq(1).should('have.css', 'background-color');\ncy.get('.color').eq(2).should('not.have.css', 'background-color', BLACK);\ncy.get('.color').eq(2).should('not.have.css', 'background-color', WHITE);\ncy.get('.color').eq(2).should('not.have.css', 'background-color', 'rgba(0, 0, 0, 0)');\ncy.get('.color').eq(2).should('have.css', 'background-color');\ncy.get('.color').eq(3).should('not.have.css', 'background-color', BLACK);\ncy.get('.color').eq(3).should('not.have.css', 'background-color', WHITE);\ncy.get('.color').eq(3).should('not.have.css', 'background-color', 'rgba(0, 0, 0, 0)');\ncy.get('.color').eq(3).should('have.css', 'background-color');",
              "err": {},
              "uuid": "decfbccf-02f0-4de8-af76-da13acf86dcf",
              "parentUUID": "bbda8b75-912b-426e-9377-fff13468c15e",
              "isHook": false,
              "skipped": false
            }
          ],
          "suites": [],
          "passes": [
            "7b699b4b-1443-4dd3-ab40-e92935c413b8",
            "decfbccf-02f0-4de8-af76-da13acf86dcf"
          ],
          "failures": [],
          "pending": [],
          "skipped": [],
          "duration": 240,
          "root": false,
          "rootEmpty": false,
          "_timeout": 2000
        },
        {
          "uuid": "ae87f524-1bac-4223-ba42-3cc92e40d090",
          "title": "4 - Adicione à página um quadro contendo 25 pixels",
          "fullFile": "",
          "file": "",
          "beforeHooks": [],
          "afterHooks": [],
          "tests": [
            {
              "title": "Verifica se o quadro de pixels possui o `id` denominado `pixel-board`",
              "fullTitle": "4 - Adicione à página um quadro contendo 25 pixels Verifica se o quadro de pixels possui o `id` denominado `pixel-board`",
              "timedOut": null,
              "duration": 97,
              "state": "passed",
              "speed": "slow",
              "pass": true,
              "fail": false,
              "pending": false,
              "context": null,
              "code": "cy.get('#pixel-board').should('be.visible');",
              "err": {},
              "uuid": "36f1b712-6222-486d-805d-c58dee621df1",
              "parentUUID": "ae87f524-1bac-4223-ba42-3cc92e40d090",
              "isHook": false,
              "skipped": false
            },
            {
              "title": "Verifica se cada pixel individual dentro do quadro possui a `classe` denominada `pixel`.",
              "fullTitle": "4 - Adicione à página um quadro contendo 25 pixels Verifica se cada pixel individual dentro do quadro possui a `classe` denominada `pixel`.",
              "timedOut": null,
              "duration": 103,
              "state": "passed",
              "speed": "slow",
              "pass": true,
              "fail": false,
              "pending": false,
              "context": null,
              "code": "cy.get('.pixel').should('have.length', 25);",
              "err": {},
              "uuid": "b8cdbec1-0356-403a-a3b0-408a551b8528",
              "parentUUID": "ae87f524-1bac-4223-ba42-3cc92e40d090",
              "isHook": false,
              "skipped": false
            },
            {
              "title": "Verifica se a cor inicial dos pixels dentro do quadro, ao abrir a página, é branca.",
              "fullTitle": "4 - Adicione à página um quadro contendo 25 pixels Verifica se a cor inicial dos pixels dentro do quadro, ao abrir a página, é branca.",
              "timedOut": null,
              "duration": 143,
              "state": "passed",
              "speed": "slow",
              "pass": true,
              "fail": false,
              "pending": false,
              "context": null,
              "code": "cy.get('.pixel').should('have.length', 25).each(function (pixel) {\n  expect(pixel).to.have.css('background-color', WHITE);\n});",
              "err": {},
              "uuid": "b15ec071-461e-447d-873e-ce05fe7204f1",
              "parentUUID": "ae87f524-1bac-4223-ba42-3cc92e40d090",
              "isHook": false,
              "skipped": false
            },
            {
              "title": "Verifica se o quadro de pixels aparece abaixo da paleta de cores",
              "fullTitle": "4 - Adicione à página um quadro contendo 25 pixels Verifica se o quadro de pixels aparece abaixo da paleta de cores",
              "timedOut": null,
              "duration": 79,
              "state": "passed",
              "speed": "slow",
              "pass": true,
              "fail": false,
              "pending": false,
              "context": null,
              "code": "cy.get('#color-palette').then(function (palette) {\n  cy.get('#pixel-board').should('be.belowOf', palette);\n});",
              "err": {},
              "uuid": "8b87f9a0-a2de-4f73-900e-46ff0b01ac08",
              "parentUUID": "ae87f524-1bac-4223-ba42-3cc92e40d090",
              "isHook": false,
              "skipped": false
            }
          ],
          "suites": [],
          "passes": [
            "36f1b712-6222-486d-805d-c58dee621df1",
            "b8cdbec1-0356-403a-a3b0-408a551b8528",
            "b15ec071-461e-447d-873e-ce05fe7204f1",
            "8b87f9a0-a2de-4f73-900e-46ff0b01ac08"
          ],
          "failures": [],
          "pending": [],
          "skipped": [],
          "duration": 422,
          "root": false,
          "rootEmpty": false,
          "_timeout": 2000
        },
        {
          "uuid": "4f310f55-5d9a-45f3-a315-d5b4c9c80c4f",
          "title": "5 - Faça com que cada elemento do quadro de pixels possua 40 pixels de largura, 40 pixels de altura e seja delimitado por uma borda preta de 1 pixel",
          "fullFile": "",
          "file": "",
          "beforeHooks": [],
          "afterHooks": [],
          "tests": [
            {
              "title": "Verifica se o quadro de pixels tem altura e comprimento de 5 elementos",
              "fullTitle": "5 - Faça com que cada elemento do quadro de pixels possua 40 pixels de largura, 40 pixels de altura e seja delimitado por uma borda preta de 1 pixel Verifica se o quadro de pixels tem altura e comprimento de 5 elementos",
              "timedOut": null,
              "duration": 264,
              "state": "passed",
              "speed": "slow",
              "pass": true,
              "fail": false,
              "pending": false,
              "context": null,
              "code": "cy.get('.pixel').should('have.length', 25).each(function (pixel) {\n  expect(pixel).to.have.css('background-color', WHITE);\n}).and(function (pixels) {\n  var rows = chunk(pixels, 5);\n  rows.forEach(function (row) {\n    for (var index = 1; index < row.length; index += 1) {\n      var current = pixels[index];\n      var previous = pixels[index - 1];\n      cy.wrap(current).should('be.onTheRightOf', previous).and('be.horizontallyAlignedWith', previous);\n    }\n  });\n  for (var index = 1; index < 5; index += 1) {\n    expect(pixels[index * 5]).to.be.belowOf(pixels[(index - 1) * 5]);\n  }\n});",
              "err": {},
              "uuid": "c277bd25-8ca1-4574-8839-f68e47414ecb",
              "parentUUID": "4f310f55-5d9a-45f3-a315-d5b4c9c80c4f",
              "isHook": false,
              "skipped": false
            },
            {
              "title": "Verifica se 40 pixels é o tamanho total do elemento, incluindo seu conteúdo e excluindo a borda preta, que deve ser criada à parte.",
              "fullTitle": "5 - Faça com que cada elemento do quadro de pixels possua 40 pixels de largura, 40 pixels de altura e seja delimitado por uma borda preta de 1 pixel Verifica se 40 pixels é o tamanho total do elemento, incluindo seu conteúdo e excluindo a borda preta, que deve ser criada à parte.",
              "timedOut": null,
              "duration": 246,
              "state": "passed",
              "speed": "slow",
              "pass": true,
              "fail": false,
              "pending": false,
              "context": null,
              "code": "cy.get('.pixel').each(function (pixel) {\n  cy.wrap(pixel).should('have.css', 'height', '40px').and('have.css', 'width', '40px').and('have.css', 'border', \"1px solid \".concat(BLACK));\n});",
              "err": {},
              "uuid": "862367f9-9a3a-4e3a-a180-50d334319c2c",
              "parentUUID": "4f310f55-5d9a-45f3-a315-d5b4c9c80c4f",
              "isHook": false,
              "skipped": false
            }
          ],
          "suites": [],
          "passes": [
            "c277bd25-8ca1-4574-8839-f68e47414ecb",
            "862367f9-9a3a-4e3a-a180-50d334319c2c"
          ],
          "failures": [],
          "pending": [],
          "skipped": [],
          "duration": 510,
          "root": false,
          "rootEmpty": false,
          "_timeout": 2000
        },
        {
          "uuid": "d8e83456-9ad1-4e4f-bea2-7544eb4d5ee5",
          "title": "6 - Defina a cor preta como cor inicial da paleta de cores. Ao carregar a página a cor preta já deve estar selecionada para pintar os pixels",
          "fullFile": "",
          "file": "",
          "beforeHooks": [],
          "afterHooks": [],
          "tests": [
            {
              "title": "Verifica se o elemento da cor preta possui, inicialmente, a `classe` `selected`",
              "fullTitle": "6 - Defina a cor preta como cor inicial da paleta de cores. Ao carregar a página a cor preta já deve estar selecionada para pintar os pixels Verifica se o elemento da cor preta possui, inicialmente, a `classe` `selected`",
              "timedOut": null,
              "duration": 114,
              "state": "passed",
              "speed": "slow",
              "pass": true,
              "fail": false,
              "pending": false,
              "context": null,
              "code": "cy.get('.selected').first().should('have.css', 'background-color', BLACK);",
              "err": {},
              "uuid": "8ca6e154-c862-40ac-bcad-9970e1e14196",
              "parentUUID": "d8e83456-9ad1-4e4f-bea2-7544eb4d5ee5",
              "isHook": false,
              "skipped": false
            },
            {
              "title": "Verifica se nenhuma outra cor da paleta tem a `classe` `selected`",
              "fullTitle": "6 - Defina a cor preta como cor inicial da paleta de cores. Ao carregar a página a cor preta já deve estar selecionada para pintar os pixels Verifica se nenhuma outra cor da paleta tem a `classe` `selected`",
              "timedOut": null,
              "duration": 107,
              "state": "passed",
              "speed": "slow",
              "pass": true,
              "fail": false,
              "pending": false,
              "context": null,
              "code": "cy.get('.color:not(:first-child)').each(function (color) {\n  cy.wrap(color).should('not.have.class', 'selected');\n});",
              "err": {},
              "uuid": "07354e7e-6382-4038-9a05-0e1b4910ec04",
              "parentUUID": "d8e83456-9ad1-4e4f-bea2-7544eb4d5ee5",
              "isHook": false,
              "skipped": false
            }
          ],
          "suites": [],
          "passes": [
            "8ca6e154-c862-40ac-bcad-9970e1e14196",
            "07354e7e-6382-4038-9a05-0e1b4910ec04"
          ],
          "failures": [],
          "pending": [],
          "skipped": [],
          "duration": 221,
          "root": false,
          "rootEmpty": false,
          "_timeout": 2000
        },
        {
          "uuid": "6a3c0b03-a222-4838-a74a-309bcba0e39f",
          "title": "7 - Crie uma função para selecionar uma cor na paleta de cores e preencher os pixels no quadro",
          "fullFile": "",
          "file": "",
          "beforeHooks": [],
          "afterHooks": [],
          "tests": [
            {
              "title": "Verifica se somente uma cor da paleta de cores tem a classe `selected` de cada vez",
              "fullTitle": "7 - Crie uma função para selecionar uma cor na paleta de cores e preencher os pixels no quadro Verifica se somente uma cor da paleta de cores tem a classe `selected` de cada vez",
              "timedOut": null,
              "duration": 434,
              "state": "passed",
              "speed": "slow",
              "pass": true,
              "fail": false,
              "pending": false,
              "context": null,
              "code": "cy.get('.color').each(function (selectedColor, selectedColorIndex) {\n  cy.wrap(selectedColor).click();\n  cy.get('.color').each(function (color, colorIndex) {\n    if (colorIndex === selectedColorIndex) {\n      expect(color).to.have[\"class\"]('selected');\n    } else {\n      expect(color).not.to.have[\"class\"]('selected');\n    }\n  });\n});",
              "err": {},
              "uuid": "8044f111-9375-40f8-a9ce-51ebe9148052",
              "parentUUID": "6a3c0b03-a222-4838-a74a-309bcba0e39f",
              "isHook": false,
              "skipped": false
            },
            {
              "title": "Verifica se os pixels dentro do quadro não têm a classe `selected` quando são clicados",
              "fullTitle": "7 - Crie uma função para selecionar uma cor na paleta de cores e preencher os pixels no quadro Verifica se os pixels dentro do quadro não têm a classe `selected` quando são clicados",
              "timedOut": null,
              "duration": 8146,
              "state": "passed",
              "speed": "slow",
              "pass": true,
              "fail": false,
              "pending": false,
              "context": null,
              "code": "cy.get('.color').each(function (color) {\n  var backgroundColor = color.css('background-color');\n  cy.wrap(color).click();\n  cy.get('.pixel').each(function (pixel) {\n    cy.wrap(pixel).click().should('not.have.class', 'selected');\n  });\n});",
              "err": {},
              "uuid": "945f8ae7-4d31-4a67-93f6-7ed8c28d0b45",
              "parentUUID": "6a3c0b03-a222-4838-a74a-309bcba0e39f",
              "isHook": false,
              "skipped": false
            }
          ],
          "suites": [],
          "passes": [
            "8044f111-9375-40f8-a9ce-51ebe9148052",
            "945f8ae7-4d31-4a67-93f6-7ed8c28d0b45"
          ],
          "failures": [],
          "pending": [],
          "skipped": [],
          "duration": 8580,
          "root": false,
          "rootEmpty": false,
          "_timeout": 2000
        },
        {
          "uuid": "a2665a86-6e7c-4e4c-9f72-fec3bc205718",
          "title": "8 - Crie uma função que permita preencher um pixel do quadro com a cor selecionada na paleta de cores",
          "fullFile": "",
          "file": "",
          "beforeHooks": [],
          "afterHooks": [],
          "tests": [
            {
              "title": "Verifica se ao carregar a página deve ser possível pintar os pixels de preto",
              "fullTitle": "8 - Crie uma função que permita preencher um pixel do quadro com a cor selecionada na paleta de cores Verifica se ao carregar a página deve ser possível pintar os pixels de preto",
              "timedOut": null,
              "duration": 4520,
              "state": "failed",
              "speed": null,
              "pass": false,
              "fail": true,
              "pending": false,
              "context": null,
              "code": "cy.get('.pixel').each(function (pixel) {\n  cy.wrap(pixel).click().should('have.css', 'background-color', BLACK);\n});",
              "err": {
                "message": "CypressError: Timed out retrying: expected '<div.pixel.border>' to have CSS property 'background-color' with the value 'rgb(0, 0, 0)', but the value was 'rgb(255, 255, 255)'",
                "estack": "CypressError: Timed out retrying: expected '<div.pixel.border>' to have CSS property 'background-color' with the value 'rgb(0, 0, 0)', but the value was 'rgb(255, 255, 255)'\n    at cypressErr (http://localhost:55625/__cypress/runner/cypress_runner.js:149934:9)\n    at throwErr (http://localhost:55625/__cypress/runner/cypress_runner.js:149867:11)\n    at Object.throwErrByPath (http://localhost:55625/__cypress/runner/cypress_runner.js:149915:3)\n    at retry (http://localhost:55625/__cypress/runner/cypress_runner.js:144197:19)\n    at onFailFn (http://localhost:55625/__cypress/runner/cypress_runner.js:132448:16)\n    at tryCatcher (http://localhost:55625/__cypress/runner/cypress_runner.js:167415:23)\n    at Promise._settlePromiseFromHandler (http://localhost:55625/__cypress/runner/cypress_runner.js:165351:31)\n    at Promise._settlePromise (http://localhost:55625/__cypress/runner/cypress_runner.js:165408:18)\n    at Promise._settlePromise0 (http://localhost:55625/__cypress/runner/cypress_runner.js:165453:10)\n    at Promise._settlePromises (http://localhost:55625/__cypress/runner/cypress_runner.js:165528:18)\n    at Async../node_modules/bluebird/js/release/async.js.Async._drainQueue (http://localhost:55625/__cypress/runner/cypress_runner.js:162140:16)\n    at Async../node_modules/bluebird/js/release/async.js.Async._drainQueues (http://localhost:55625/__cypress/runner/cypress_runner.js:162150:10)\n    at Async.drainQueues (http://localhost:55625/__cypress/runner/cypress_runner.js:162024:14)",
                "diff": null
              },
              "uuid": "f0bbb388-dd21-44b9-b6fc-48fedb152d12",
              "parentUUID": "a2665a86-6e7c-4e4c-9f72-fec3bc205718",
              "isHook": false,
              "skipped": false
            },
            {
              "title": "Verifica se após selecionar uma outra cor na paleta, é possível pintar os pixels com essa cor",
              "fullTitle": "8 - Crie uma função que permita preencher um pixel do quadro com a cor selecionada na paleta de cores Verifica se após selecionar uma outra cor na paleta, é possível pintar os pixels com essa cor",
              "timedOut": null,
              "duration": 4507,
              "state": "failed",
              "speed": null,
              "pass": false,
              "fail": true,
              "pending": false,
              "context": null,
              "code": "cy.get('.color').each(function (color) {\n  var backgroundColor = color.css('background-color');\n  cy.wrap(color).click();\n  cy.get('.pixel').each(function (pixel) {\n    cy.wrap(pixel).click().should('have.css', 'background-color', backgroundColor);\n  });\n});",
              "err": {
                "message": "CypressError: Timed out retrying: expected '<div.pixel.border>' to have CSS property 'background-color' with the value 'rgb(0, 0, 0)', but the value was 'rgb(255, 255, 255)'",
                "estack": "CypressError: Timed out retrying: expected '<div.pixel.border>' to have CSS property 'background-color' with the value 'rgb(0, 0, 0)', but the value was 'rgb(255, 255, 255)'\n    at cypressErr (http://localhost:55625/__cypress/runner/cypress_runner.js:149934:9)\n    at throwErr (http://localhost:55625/__cypress/runner/cypress_runner.js:149867:11)\n    at Object.throwErrByPath (http://localhost:55625/__cypress/runner/cypress_runner.js:149915:3)\n    at retry (http://localhost:55625/__cypress/runner/cypress_runner.js:144197:19)\n    at onFailFn (http://localhost:55625/__cypress/runner/cypress_runner.js:132448:16)\n    at tryCatcher (http://localhost:55625/__cypress/runner/cypress_runner.js:167415:23)\n    at Promise._settlePromiseFromHandler (http://localhost:55625/__cypress/runner/cypress_runner.js:165351:31)\n    at Promise._settlePromise (http://localhost:55625/__cypress/runner/cypress_runner.js:165408:18)\n    at Promise._settlePromise0 (http://localhost:55625/__cypress/runner/cypress_runner.js:165453:10)\n    at Promise._settlePromises (http://localhost:55625/__cypress/runner/cypress_runner.js:165528:18)\n    at Async../node_modules/bluebird/js/release/async.js.Async._drainQueue (http://localhost:55625/__cypress/runner/cypress_runner.js:162140:16)\n    at Async../node_modules/bluebird/js/release/async.js.Async._drainQueues (http://localhost:55625/__cypress/runner/cypress_runner.js:162150:10)\n    at Async.drainQueues (http://localhost:55625/__cypress/runner/cypress_runner.js:162024:14)",
                "diff": null
              },
              "uuid": "c3986e74-2d5d-4f15-9f27-ecd09062d83b",
              "parentUUID": "a2665a86-6e7c-4e4c-9f72-fec3bc205718",
              "isHook": false,
              "skipped": false
            },
            {
              "title": "Verifica se somente o pixel que foi clicado foi preenchido com a cor selecionada, sem influenciar na cor dos demais pixels.",
              "fullTitle": "8 - Crie uma função que permita preencher um pixel do quadro com a cor selecionada na paleta de cores Verifica se somente o pixel que foi clicado foi preenchido com a cor selecionada, sem influenciar na cor dos demais pixels.",
              "timedOut": null,
              "duration": 1155,
              "state": "passed",
              "speed": "slow",
              "pass": true,
              "fail": false,
              "pending": false,
              "context": null,
              "code": "var colorToPixelIndexMap = {\n  0: 6,\n  1: 8,\n  2: 16,\n  3: 18\n};\ncy.get('.color').each(function (color, index) {\n  cy.wrap(color).click();\n  var backgroundColor = color.css('background-color');\n  var clickedPixelIndex = colorToPixelIndexMap[index];\n  cy.get('.pixel').eq(clickedPixelIndex).click();\n  cy.get('.pixel').eq(clickedPixelIndex - 1).should('not.have.css', 'background-color', backgroundColor);\n  cy.get('.pixel').eq(clickedPixelIndex + 1).should('not.have.css', 'background-color', backgroundColor);\n  cy.get('.pixel').eq(clickedPixelIndex - 5).should('not.have.css', 'background-color', backgroundColor);\n  cy.get('.pixel').eq(clickedPixelIndex + 5).should('not.have.css', 'background-color', backgroundColor);\n  cy.get('.pixel').eq(clickedPixelIndex - 6).should('not.have.css', 'background-color', backgroundColor);\n  cy.get('.pixel').eq(clickedPixelIndex - 4).should('not.have.css', 'background-color', backgroundColor);\n  cy.get('.pixel').eq(clickedPixelIndex + 4).should('not.have.css', 'background-color', backgroundColor);\n  cy.get('.pixel').eq(clickedPixelIndex + 6).should('not.have.css', 'background-color', backgroundColor);\n});",
              "err": {},
              "uuid": "897471db-bd5c-453b-983a-21879a6377de",
              "parentUUID": "a2665a86-6e7c-4e4c-9f72-fec3bc205718",
              "isHook": false,
              "skipped": false
            }
          ],
          "suites": [],
          "passes": [
            "897471db-bd5c-453b-983a-21879a6377de"
          ],
          "failures": [
            "f0bbb388-dd21-44b9-b6fc-48fedb152d12",
            "c3986e74-2d5d-4f15-9f27-ecd09062d83b"
          ],
          "pending": [],
          "skipped": [],
          "duration": 10182,
          "root": false,
          "rootEmpty": false,
          "_timeout": 2000
        },
        {
          "uuid": "b9f4bf4a-86e6-402e-b7ad-f26ab315c3a6",
          "title": "9 - Crie um botão que, ao ser clicado, limpa o quadro preenchendo a cor de todos seus pixels com branco",
          "fullFile": "",
          "file": "",
          "beforeHooks": [],
          "afterHooks": [],
          "tests": [
            {
              "title": "Verifica se o botão tem o `id` denominado `clear-board`",
              "fullTitle": "9 - Crie um botão que, ao ser clicado, limpa o quadro preenchendo a cor de todos seus pixels com branco Verifica se o botão tem o `id` denominado `clear-board`",
              "timedOut": null,
              "duration": 156,
              "state": "passed",
              "speed": "slow",
              "pass": true,
              "fail": false,
              "pending": false,
              "context": null,
              "code": "cy.get('#clear-board').should('be.visible');",
              "err": {},
              "uuid": "483a049e-7ecb-41cf-a17f-dddf00b48ff1",
              "parentUUID": "b9f4bf4a-86e6-402e-b7ad-f26ab315c3a6",
              "isHook": false,
              "skipped": false
            },
            {
              "title": "Verifica se o botão está posicionado entre a paleta de cores e o quadro de pixels",
              "fullTitle": "9 - Crie um botão que, ao ser clicado, limpa o quadro preenchendo a cor de todos seus pixels com branco Verifica se o botão está posicionado entre a paleta de cores e o quadro de pixels",
              "timedOut": null,
              "duration": 89,
              "state": "passed",
              "speed": "slow",
              "pass": true,
              "fail": false,
              "pending": false,
              "context": null,
              "code": "cy.get('#color-palette').then(function (palette) {\n  cy.get('#clear-board').should('be.belowOf', palette);\n});\ncy.get('#clear-board').then(function (clearBtn) {\n  cy.get('#pixel-board').should('be.belowOf', clearBtn);\n});",
              "err": {},
              "uuid": "d4a559e6-ce6b-4f90-b299-fd0e1c0fb08f",
              "parentUUID": "b9f4bf4a-86e6-402e-b7ad-f26ab315c3a6",
              "isHook": false,
              "skipped": false
            },
            {
              "title": "Verifica se o texto do botão é 'Limpar'",
              "fullTitle": "9 - Crie um botão que, ao ser clicado, limpa o quadro preenchendo a cor de todos seus pixels com branco Verifica se o texto do botão é 'Limpar'",
              "timedOut": null,
              "duration": 4340,
              "state": "failed",
              "speed": null,
              "pass": false,
              "fail": true,
              "pending": false,
              "context": null,
              "code": "cy.get('#clear-board').should('contain.text', 'Limpar');",
              "err": {
                "message": "CypressError: Timed out retrying: expected '<button#clear-board>' to contain text 'Limpar', but the text was 'Recomeçar'",
                "estack": "CypressError: Timed out retrying: expected '<button#clear-board>' to contain text 'Limpar', but the text was 'Recomeçar'\n    at cypressErr (http://localhost:55625/__cypress/runner/cypress_runner.js:149934:9)\n    at throwErr (http://localhost:55625/__cypress/runner/cypress_runner.js:149867:11)\n    at Object.throwErrByPath (http://localhost:55625/__cypress/runner/cypress_runner.js:149915:3)\n    at retry (http://localhost:55625/__cypress/runner/cypress_runner.js:144197:19)\n    at onFailFn (http://localhost:55625/__cypress/runner/cypress_runner.js:132448:16)\n    at tryCatcher (http://localhost:55625/__cypress/runner/cypress_runner.js:167415:23)\n    at Promise._settlePromiseFromHandler (http://localhost:55625/__cypress/runner/cypress_runner.js:165351:31)\n    at Promise._settlePromise (http://localhost:55625/__cypress/runner/cypress_runner.js:165408:18)\n    at Promise._settlePromise0 (http://localhost:55625/__cypress/runner/cypress_runner.js:165453:10)\n    at Promise._settlePromises (http://localhost:55625/__cypress/runner/cypress_runner.js:165528:18)\n    at Async../node_modules/bluebird/js/release/async.js.Async._drainQueue (http://localhost:55625/__cypress/runner/cypress_runner.js:162140:16)\n    at Async../node_modules/bluebird/js/release/async.js.Async._drainQueues (http://localhost:55625/__cypress/runner/cypress_runner.js:162150:10)\n    at Async.drainQueues (http://localhost:55625/__cypress/runner/cypress_runner.js:162024:14)",
                "diff": null
              },
              "uuid": "5aee566c-68f6-4ea9-a5da-e64a0a09ce03",
              "parentUUID": "b9f4bf4a-86e6-402e-b7ad-f26ab315c3a6",
              "isHook": false,
              "skipped": false
            },
            {
              "title": "Verifica se ao clicar no botão, o quadro de pixels é totalmente preenchido de branco",
              "fullTitle": "9 - Crie um botão que, ao ser clicado, limpa o quadro preenchendo a cor de todos seus pixels com branco Verifica se ao clicar no botão, o quadro de pixels é totalmente preenchido de branco",
              "timedOut": null,
              "duration": 4537,
              "state": "failed",
              "speed": null,
              "pass": false,
              "fail": true,
              "pending": false,
              "context": null,
              "code": "cy.get('.color').eq(1).then(function (color) {\n  var backgroundColor = color.css('background-color');\n  cy.wrap(color).click();\n  cy.get('.pixel').each(function (pixel) {\n    cy.wrap(pixel).click().should('have.css', 'background-color', backgroundColor);\n  });\n});\ncy.get('#clear-board').click();\ncy.get('.pixel').each(function (pixel) {\n  cy.wrap(pixel).should('have.css', 'background-color', WHITE);\n});",
              "err": {
                "message": "CypressError: Timed out retrying: expected '<div.pixel.border>' to have CSS property 'background-color' with the value 'rgb(128, 0, 128)', but the value was 'rgb(255, 255, 255)'",
                "estack": "CypressError: Timed out retrying: expected '<div.pixel.border>' to have CSS property 'background-color' with the value 'rgb(128, 0, 128)', but the value was 'rgb(255, 255, 255)'\n    at cypressErr (http://localhost:55625/__cypress/runner/cypress_runner.js:149934:9)\n    at throwErr (http://localhost:55625/__cypress/runner/cypress_runner.js:149867:11)\n    at Object.throwErrByPath (http://localhost:55625/__cypress/runner/cypress_runner.js:149915:3)\n    at retry (http://localhost:55625/__cypress/runner/cypress_runner.js:144197:19)\n    at onFailFn (http://localhost:55625/__cypress/runner/cypress_runner.js:132448:16)\n    at tryCatcher (http://localhost:55625/__cypress/runner/cypress_runner.js:167415:23)\n    at Promise._settlePromiseFromHandler (http://localhost:55625/__cypress/runner/cypress_runner.js:165351:31)\n    at Promise._settlePromise (http://localhost:55625/__cypress/runner/cypress_runner.js:165408:18)\n    at Promise._settlePromise0 (http://localhost:55625/__cypress/runner/cypress_runner.js:165453:10)\n    at Promise._settlePromises (http://localhost:55625/__cypress/runner/cypress_runner.js:165528:18)\n    at Async../node_modules/bluebird/js/release/async.js.Async._drainQueue (http://localhost:55625/__cypress/runner/cypress_runner.js:162140:16)\n    at Async../node_modules/bluebird/js/release/async.js.Async._drainQueues (http://localhost:55625/__cypress/runner/cypress_runner.js:162150:10)\n    at Async.drainQueues (http://localhost:55625/__cypress/runner/cypress_runner.js:162024:14)",
                "diff": null
              },
              "uuid": "26182a99-5593-49c9-80d2-cf0a31fe43a9",
              "parentUUID": "b9f4bf4a-86e6-402e-b7ad-f26ab315c3a6",
              "isHook": false,
              "skipped": false
            }
          ],
          "suites": [],
          "passes": [
            "483a049e-7ecb-41cf-a17f-dddf00b48ff1",
            "d4a559e6-ce6b-4f90-b299-fd0e1c0fb08f"
          ],
          "failures": [
            "5aee566c-68f6-4ea9-a5da-e64a0a09ce03",
            "26182a99-5593-49c9-80d2-cf0a31fe43a9"
          ],
          "pending": [],
          "skipped": [],
          "duration": 9122,
          "root": false,
          "rootEmpty": false,
          "_timeout": 2000
        },
        {
          "uuid": "69212b5a-6405-414c-b61b-976df7c2c0d6",
          "title": "10 - Crie um input que permita à pessoa usuária preencher um novo tamanho para o quadro de pixels",
          "fullFile": "",
          "file": "",
          "beforeHooks": [],
          "afterHooks": [],
          "tests": [
            {
              "title": "Verifica se existe um input com o id `board-size`",
              "fullTitle": "10 - Crie um input que permita à pessoa usuária preencher um novo tamanho para o quadro de pixels Verifica se existe um input com o id `board-size`",
              "timedOut": null,
              "duration": 141,
              "state": "passed",
              "speed": "slow",
              "pass": true,
              "fail": false,
              "pending": false,
              "context": null,
              "code": "cy.get('#board-size').should('be.visible');",
              "err": {},
              "uuid": "b0de1926-33fa-426c-bac0-e9e777bf104d",
              "parentUUID": "69212b5a-6405-414c-b61b-976df7c2c0d6",
              "isHook": false,
              "skipped": false
            },
            {
              "title": "Verifica se existe um botão com o id `generate-board`",
              "fullTitle": "10 - Crie um input que permita à pessoa usuária preencher um novo tamanho para o quadro de pixels Verifica se existe um botão com o id `generate-board`",
              "timedOut": null,
              "duration": 61,
              "state": "passed",
              "speed": "medium",
              "pass": true,
              "fail": false,
              "pending": false,
              "context": null,
              "code": "cy.get('#generate-board').should('be.visible');",
              "err": {},
              "uuid": "8ced7121-3c12-46d2-8364-70c13a73ace6",
              "parentUUID": "69212b5a-6405-414c-b61b-976df7c2c0d6",
              "isHook": false,
              "skipped": false
            },
            {
              "title": "Verifica se o input só aceita número maiores que zero. Essa restrição deve ser feita usando os atributos do elemento `input`",
              "fullTitle": "10 - Crie um input que permita à pessoa usuária preencher um novo tamanho para o quadro de pixels Verifica se o input só aceita número maiores que zero. Essa restrição deve ser feita usando os atributos do elemento `input`",
              "timedOut": null,
              "duration": 71,
              "state": "passed",
              "speed": "medium",
              "pass": true,
              "fail": false,
              "pending": false,
              "context": null,
              "code": "cy.get('#board-size[type=\\'number\\'][min=\\'1\\']');",
              "err": {},
              "uuid": "4a634903-563f-4591-8ad7-7ed3939120d0",
              "parentUUID": "69212b5a-6405-414c-b61b-976df7c2c0d6",
              "isHook": false,
              "skipped": false
            },
            {
              "title": "Verifica se o botão contém o texto 'VQV'",
              "fullTitle": "10 - Crie um input que permita à pessoa usuária preencher um novo tamanho para o quadro de pixels Verifica se o botão contém o texto 'VQV'",
              "timedOut": null,
              "duration": 4370,
              "state": "failed",
              "speed": null,
              "pass": false,
              "fail": true,
              "pending": false,
              "context": null,
              "code": "cy.get('#generate-board').contains(/vqv/i);",
              "err": {
                "message": "CypressError: Timed out retrying: Expected to find content: '/vqv/i' within the element: <button#generate-board> but never did.",
                "estack": "CypressError: Timed out retrying: Expected to find content: '/vqv/i' within the element: <button#generate-board> but never did.\n    at cypressErr (http://localhost:55625/__cypress/runner/cypress_runner.js:149934:9)\n    at throwErr (http://localhost:55625/__cypress/runner/cypress_runner.js:149867:11)\n    at Object.throwErrByPath (http://localhost:55625/__cypress/runner/cypress_runner.js:149915:3)\n    at retry (http://localhost:55625/__cypress/runner/cypress_runner.js:144197:19)\n    at onFailFn (http://localhost:55625/__cypress/runner/cypress_runner.js:132448:16)\n    at tryCatcher (http://localhost:55625/__cypress/runner/cypress_runner.js:167415:23)\n    at Promise._settlePromiseFromHandler (http://localhost:55625/__cypress/runner/cypress_runner.js:165351:31)\n    at Promise._settlePromise (http://localhost:55625/__cypress/runner/cypress_runner.js:165408:18)\n    at Promise._settlePromise0 (http://localhost:55625/__cypress/runner/cypress_runner.js:165453:10)\n    at Promise._settlePromises (http://localhost:55625/__cypress/runner/cypress_runner.js:165528:18)\n    at Async../node_modules/bluebird/js/release/async.js.Async._drainQueue (http://localhost:55625/__cypress/runner/cypress_runner.js:162140:16)\n    at Async../node_modules/bluebird/js/release/async.js.Async._drainQueues (http://localhost:55625/__cypress/runner/cypress_runner.js:162150:10)\n    at Async.drainQueues (http://localhost:55625/__cypress/runner/cypress_runner.js:162024:14)",
                "diff": null
              },
              "uuid": "a9b22a5a-d562-45c4-9e5c-ddb6eb91aca8",
              "parentUUID": "69212b5a-6405-414c-b61b-976df7c2c0d6",
              "isHook": false,
              "skipped": false
            },
            {
              "title": "Verifica se o input está posicionado entre a paleta de cores e o quadro de pixels",
              "fullTitle": "10 - Crie um input que permita à pessoa usuária preencher um novo tamanho para o quadro de pixels Verifica se o input está posicionado entre a paleta de cores e o quadro de pixels",
              "timedOut": null,
              "duration": 163,
              "state": "passed",
              "speed": "slow",
              "pass": true,
              "fail": false,
              "pending": false,
              "context": null,
              "code": "cy.get('#color-palette').then(function (palette) {\n  cy.get('#board-size').should('be.belowOf', palette);\n});\ncy.get('#board-size').then(function (palette) {\n  cy.get('#pixel-board').should('be.belowOf', palette);\n});",
              "err": {},
              "uuid": "e33d1e6c-522d-447f-bb56-768b20aef54c",
              "parentUUID": "69212b5a-6405-414c-b61b-976df7c2c0d6",
              "isHook": false,
              "skipped": false
            },
            {
              "title": "Verifica se o botão está posicionado ao lado do input",
              "fullTitle": "10 - Crie um input que permita à pessoa usuária preencher um novo tamanho para o quadro de pixels Verifica se o botão está posicionado ao lado do input",
              "timedOut": null,
              "duration": 109,
              "state": "passed",
              "speed": "slow",
              "pass": true,
              "fail": false,
              "pending": false,
              "context": null,
              "code": "cy.get('#board-size').then(function (board) {\n  cy.get('#generate-board').should('be.onTheRightOf', board);\n});",
              "err": {},
              "uuid": "bb90157b-9f1f-4d2c-9b30-0746b3ca0bd0",
              "parentUUID": "69212b5a-6405-414c-b61b-976df7c2c0d6",
              "isHook": false,
              "skipped": false
            },
            {
              "title": "Verifica se nenhum valor for colocado no input ao clicar no botão, um `alert` é exibido com o texto: 'Board inválido!'",
              "fullTitle": "10 - Crie um input que permita à pessoa usuária preencher um novo tamanho para o quadro de pixels Verifica se nenhum valor for colocado no input ao clicar no botão, um `alert` é exibido com o texto: 'Board inválido!'",
              "timedOut": null,
              "duration": 434,
              "state": "failed",
              "speed": null,
              "pass": false,
              "fail": true,
              "pending": false,
              "context": null,
              "code": "var alerted = false;\ncy.on('window:alert', function (msg) {\n  return alerted = msg;\n});\ncy.get('#generate-board').click().then(function () {\n  return expect(alerted).to.match(/Board inválido!/i);\n});",
              "err": {
                "message": "AssertionError: expected false to match /Board inválido!/i",
                "estack": "AssertionError: expected false to match /Board inválido!/i\n    at getRet (http://localhost:55625/__cypress/runner/cypress_runner.js:136585:16)\n    at tryCatcher (http://localhost:55625/__cypress/runner/cypress_runner.js:167415:23)\n    at Function.Promise.attempt.Promise.try (http://localhost:55625/__cypress/runner/cypress_runner.js:164690:29)\n    at Context.thenFn (http://localhost:55625/__cypress/runner/cypress_runner.js:136599:23)\n    at Context.then (http://localhost:55625/__cypress/runner/cypress_runner.js:136971:21)\n    at Context.<anonymous> (http://localhost:55625/__cypress/runner/cypress_runner.js:148875:21)\n    at http://localhost:55625/__cypress/runner/cypress_runner.js:148351:33\n    at tryCatcher (http://localhost:55625/__cypress/runner/cypress_runner.js:167415:23)\n    at Promise._settlePromiseFromHandler (http://localhost:55625/__cypress/runner/cypress_runner.js:165351:31)\n    at Promise._settlePromise (http://localhost:55625/__cypress/runner/cypress_runner.js:165408:18)\n    at Promise._settlePromiseCtx (http://localhost:55625/__cypress/runner/cypress_runner.js:165445:10)\n    at Async../node_modules/bluebird/js/release/async.js.Async._drainQueue (http://localhost:55625/__cypress/runner/cypress_runner.js:162145:12)\n    at Async../node_modules/bluebird/js/release/async.js.Async._drainQueues (http://localhost:55625/__cypress/runner/cypress_runner.js:162150:10)\n    at Async.drainQueues (http://localhost:55625/__cypress/runner/cypress_runner.js:162024:14)",
                "diff": null
              },
              "uuid": "9b3695ad-071d-4735-8549-db2b462677ae",
              "parentUUID": "69212b5a-6405-414c-b61b-976df7c2c0d6",
              "isHook": false,
              "skipped": false
            },
            {
              "title": "Verifica se ao clicar no botão com um valor preenchido, o tamanho do board muda.",
              "fullTitle": "10 - Crie um input que permita à pessoa usuária preencher um novo tamanho para o quadro de pixels Verifica se ao clicar no botão com um valor preenchido, o tamanho do board muda.",
              "timedOut": null,
              "duration": 4769,
              "state": "failed",
              "speed": null,
              "pass": false,
              "fail": true,
              "pending": false,
              "context": null,
              "code": "cy.get('#board-size').clear().type(10);\ncy.get('#generate-board').click();\ncy.get('.pixel').should('have.length', 100);",
              "err": {
                "message": "CypressError: Timed out retrying: Not enough elements found. Found '25', expected '100'.",
                "estack": "CypressError: Timed out retrying: Not enough elements found. Found '25', expected '100'.\n    at cypressErr (http://localhost:55625/__cypress/runner/cypress_runner.js:149934:9)\n    at throwErr (http://localhost:55625/__cypress/runner/cypress_runner.js:149867:11)\n    at Object.throwErrByPath (http://localhost:55625/__cypress/runner/cypress_runner.js:149915:3)\n    at retry (http://localhost:55625/__cypress/runner/cypress_runner.js:144197:19)\n    at onFailFn (http://localhost:55625/__cypress/runner/cypress_runner.js:132448:16)\n    at tryCatcher (http://localhost:55625/__cypress/runner/cypress_runner.js:167415:23)\n    at Promise._settlePromiseFromHandler (http://localhost:55625/__cypress/runner/cypress_runner.js:165351:31)\n    at Promise._settlePromise (http://localhost:55625/__cypress/runner/cypress_runner.js:165408:18)\n    at Promise._settlePromise0 (http://localhost:55625/__cypress/runner/cypress_runner.js:165453:10)\n    at Promise._settlePromises (http://localhost:55625/__cypress/runner/cypress_runner.js:165528:18)\n    at Async../node_modules/bluebird/js/release/async.js.Async._drainQueue (http://localhost:55625/__cypress/runner/cypress_runner.js:162140:16)\n    at Async../node_modules/bluebird/js/release/async.js.Async._drainQueues (http://localhost:55625/__cypress/runner/cypress_runner.js:162150:10)\n    at Async.drainQueues (http://localhost:55625/__cypress/runner/cypress_runner.js:162024:14)",
                "diff": null
              },
              "uuid": "a07298ec-e528-4c3a-9b9d-3b16f3b4be6d",
              "parentUUID": "69212b5a-6405-414c-b61b-976df7c2c0d6",
              "isHook": false,
              "skipped": false
            },
            {
              "title": "Verifica se o novo quadro tem todos os pixels preenchidos com a cor branca",
              "fullTitle": "10 - Crie um input que permita à pessoa usuária preencher um novo tamanho para o quadro de pixels Verifica se o novo quadro tem todos os pixels preenchidos com a cor branca",
              "timedOut": null,
              "duration": 4776,
              "state": "failed",
              "speed": null,
              "pass": false,
              "fail": true,
              "pending": false,
              "context": null,
              "code": "cy.get('#board-size').clear().type(6);\ncy.get('#generate-board').click();\ncy.get('.pixel').should('have.length', 36).each(function (pixel) {\n  expect(pixel).to.have.css('background-color', WHITE);\n});",
              "err": {
                "message": "CypressError: Timed out retrying: Not enough elements found. Found '25', expected '36'.",
                "estack": "CypressError: Timed out retrying: Not enough elements found. Found '25', expected '36'.\n    at cypressErr (http://localhost:55625/__cypress/runner/cypress_runner.js:149934:9)\n    at throwErr (http://localhost:55625/__cypress/runner/cypress_runner.js:149867:11)\n    at Object.throwErrByPath (http://localhost:55625/__cypress/runner/cypress_runner.js:149915:3)\n    at retry (http://localhost:55625/__cypress/runner/cypress_runner.js:144197:19)\n    at onFailFn (http://localhost:55625/__cypress/runner/cypress_runner.js:132448:16)\n    at tryCatcher (http://localhost:55625/__cypress/runner/cypress_runner.js:167415:23)\n    at Promise._settlePromiseFromHandler (http://localhost:55625/__cypress/runner/cypress_runner.js:165351:31)\n    at Promise._settlePromise (http://localhost:55625/__cypress/runner/cypress_runner.js:165408:18)\n    at Promise._settlePromise0 (http://localhost:55625/__cypress/runner/cypress_runner.js:165453:10)\n    at Promise._settlePromises (http://localhost:55625/__cypress/runner/cypress_runner.js:165528:18)\n    at Async../node_modules/bluebird/js/release/async.js.Async._drainQueue (http://localhost:55625/__cypress/runner/cypress_runner.js:162140:16)\n    at Async../node_modules/bluebird/js/release/async.js.Async._drainQueues (http://localhost:55625/__cypress/runner/cypress_runner.js:162150:10)\n    at Async.drainQueues (http://localhost:55625/__cypress/runner/cypress_runner.js:162024:14)",
                "diff": null
              },
              "uuid": "f11eb616-05bc-4c18-a99f-c766db452c0e",
              "parentUUID": "69212b5a-6405-414c-b61b-976df7c2c0d6",
              "isHook": false,
              "skipped": false
            }
          ],
          "suites": [],
          "passes": [
            "b0de1926-33fa-426c-bac0-e9e777bf104d",
            "8ced7121-3c12-46d2-8364-70c13a73ace6",
            "4a634903-563f-4591-8ad7-7ed3939120d0",
            "e33d1e6c-522d-447f-bb56-768b20aef54c",
            "bb90157b-9f1f-4d2c-9b30-0746b3ca0bd0"
          ],
          "failures": [
            "a9b22a5a-d562-45c4-9e5c-ddb6eb91aca8",
            "9b3695ad-071d-4735-8549-db2b462677ae",
            "a07298ec-e528-4c3a-9b9d-3b16f3b4be6d",
            "f11eb616-05bc-4c18-a99f-c766db452c0e"
          ],
          "pending": [],
          "skipped": [],
          "duration": 14894,
          "root": false,
          "rootEmpty": false,
          "_timeout": 2000
        },
        {
          "uuid": "b36c4055-58de-44ee-a47f-666afaf8d63a",
          "title": "11 - Crie uma função que limite o tamanho mínimo e máximo do quadro de pixels",
          "fullFile": "",
          "file": "",
          "beforeHooks": [],
          "afterHooks": [],
          "tests": [
            {
              "title": "Verifica se a altura máxima do board é 50",
              "fullTitle": "11 - Crie uma função que limite o tamanho mínimo e máximo do quadro de pixels Verifica se a altura máxima do board é 50",
              "timedOut": null,
              "duration": 4768,
              "state": "failed",
              "speed": null,
              "pass": false,
              "fail": true,
              "pending": false,
              "context": null,
              "code": "cy.get('#board-size').clear().type(50);\ncy.get('#generate-board').click();\ncy.get('.pixel').should('have.length', 2500);",
              "err": {
                "message": "CypressError: Timed out retrying: Not enough elements found. Found '25', expected '2500'.",
                "estack": "CypressError: Timed out retrying: Not enough elements found. Found '25', expected '2500'.\n    at cypressErr (http://localhost:55625/__cypress/runner/cypress_runner.js:149934:9)\n    at throwErr (http://localhost:55625/__cypress/runner/cypress_runner.js:149867:11)\n    at Object.throwErrByPath (http://localhost:55625/__cypress/runner/cypress_runner.js:149915:3)\n    at retry (http://localhost:55625/__cypress/runner/cypress_runner.js:144197:19)\n    at onFailFn (http://localhost:55625/__cypress/runner/cypress_runner.js:132448:16)\n    at tryCatcher (http://localhost:55625/__cypress/runner/cypress_runner.js:167415:23)\n    at Promise._settlePromiseFromHandler (http://localhost:55625/__cypress/runner/cypress_runner.js:165351:31)\n    at Promise._settlePromise (http://localhost:55625/__cypress/runner/cypress_runner.js:165408:18)\n    at Promise._settlePromise0 (http://localhost:55625/__cypress/runner/cypress_runner.js:165453:10)\n    at Promise._settlePromises (http://localhost:55625/__cypress/runner/cypress_runner.js:165528:18)\n    at Async../node_modules/bluebird/js/release/async.js.Async._drainQueue (http://localhost:55625/__cypress/runner/cypress_runner.js:162140:16)\n    at Async../node_modules/bluebird/js/release/async.js.Async._drainQueues (http://localhost:55625/__cypress/runner/cypress_runner.js:162150:10)\n    at Async.drainQueues (http://localhost:55625/__cypress/runner/cypress_runner.js:162024:14)",
                "diff": null
              },
              "uuid": "18240b64-3d13-467f-87e1-46fc769f9893",
              "parentUUID": "b36c4055-58de-44ee-a47f-666afaf8d63a",
              "isHook": false,
              "skipped": false
            },
            {
              "title": "Verifica se a altura do board é 5 quando um valor menor é colocado no input",
              "fullTitle": "11 - Crie uma função que limite o tamanho mínimo e máximo do quadro de pixels Verifica se a altura do board é 5 quando um valor menor é colocado no input",
              "timedOut": null,
              "duration": 442,
              "state": "passed",
              "speed": "slow",
              "pass": true,
              "fail": false,
              "pending": false,
              "context": null,
              "code": "cy.get('#board-size').clear().type(4);\ncy.get('#generate-board').click();\ncy.get('.pixel').should('have.length', 25);",
              "err": {},
              "uuid": "54a377e6-0437-4078-b175-137891cf592e",
              "parentUUID": "b36c4055-58de-44ee-a47f-666afaf8d63a",
              "isHook": false,
              "skipped": false
            },
            {
              "title": "Verifica se a altura do board é 50 quando um valor maior é colocado no input",
              "fullTitle": "11 - Crie uma função que limite o tamanho mínimo e máximo do quadro de pixels Verifica se a altura do board é 50 quando um valor maior é colocado no input",
              "timedOut": null,
              "duration": 4690,
              "state": "failed",
              "speed": null,
              "pass": false,
              "fail": true,
              "pending": false,
              "context": null,
              "code": "cy.get('#board-size').clear().type(51);\ncy.get('#generate-board').click();\ncy.get('.pixel').should('have.length', 2500);",
              "err": {
                "message": "CypressError: Timed out retrying: Not enough elements found. Found '25', expected '2500'.",
                "estack": "CypressError: Timed out retrying: Not enough elements found. Found '25', expected '2500'.\n    at cypressErr (http://localhost:55625/__cypress/runner/cypress_runner.js:149934:9)\n    at throwErr (http://localhost:55625/__cypress/runner/cypress_runner.js:149867:11)\n    at Object.throwErrByPath (http://localhost:55625/__cypress/runner/cypress_runner.js:149915:3)\n    at retry (http://localhost:55625/__cypress/runner/cypress_runner.js:144197:19)\n    at onFailFn (http://localhost:55625/__cypress/runner/cypress_runner.js:132448:16)\n    at tryCatcher (http://localhost:55625/__cypress/runner/cypress_runner.js:167415:23)\n    at Promise._settlePromiseFromHandler (http://localhost:55625/__cypress/runner/cypress_runner.js:165351:31)\n    at Promise._settlePromise (http://localhost:55625/__cypress/runner/cypress_runner.js:165408:18)\n    at Promise._settlePromise0 (http://localhost:55625/__cypress/runner/cypress_runner.js:165453:10)\n    at Promise._settlePromises (http://localhost:55625/__cypress/runner/cypress_runner.js:165528:18)\n    at Async../node_modules/bluebird/js/release/async.js.Async._drainQueue (http://localhost:55625/__cypress/runner/cypress_runner.js:162140:16)\n    at Async../node_modules/bluebird/js/release/async.js.Async._drainQueues (http://localhost:55625/__cypress/runner/cypress_runner.js:162150:10)\n    at Async.drainQueues (http://localhost:55625/__cypress/runner/cypress_runner.js:162024:14)",
                "diff": null
              },
              "uuid": "fc2127ec-5b8e-4e84-9faf-87a426844fc4",
              "parentUUID": "b36c4055-58de-44ee-a47f-666afaf8d63a",
              "isHook": false,
              "skipped": false
            }
          ],
          "suites": [],
          "passes": [
            "54a377e6-0437-4078-b175-137891cf592e"
          ],
          "failures": [
            "18240b64-3d13-467f-87e1-46fc769f9893",
            "fc2127ec-5b8e-4e84-9faf-87a426844fc4"
          ],
          "pending": [],
          "skipped": [],
          "duration": 9900,
          "root": false,
          "rootEmpty": false,
          "_timeout": 2000
        },
        {
          "uuid": "39e9a18a-35a0-4c66-9bac-5ea1ba660d61",
          "title": "12 - Crie uma função para gerar as cores aleatoriamente ao carregar a página, com exceção da cor preta",
          "fullFile": "",
          "file": "",
          "beforeHooks": [],
          "afterHooks": [],
          "tests": [
            {
              "title": "Verifica se as cores geradas na paleta são diferentes a cada carregamento da página",
              "fullTitle": "12 - Crie uma função para gerar as cores aleatoriamente ao carregar a página, com exceção da cor preta Verifica se as cores geradas na paleta são diferentes a cada carregamento da página",
              "timedOut": null,
              "duration": 462,
              "state": "failed",
              "speed": null,
              "pass": false,
              "fail": true,
              "pending": false,
              "context": null,
              "code": "cy.get('.color').then(function (colors) {\n  var currentColors;\n  var previousColors;\n  previousColors = Array.from(colors).map(function (color) {\n    return Cypress.$(color).css('background-color');\n  });\n  for (var i = 0; i < 5; i += 1) {\n    cy.reload();\n    cy.get('.color').then(function (colors) {\n      currentColors = Array.from(colors).map(function (color) {\n        return Cypress.$(color).css('background-color');\n      });\n      expect(currentColors).not.to.deep.equal(previousColors);\n      previousColors = currentColors;\n    });\n  }\n});",
              "err": {
                "message": "AssertionError: expected [ Array(4) ] to not deeply equal [ Array(4) ]",
                "estack": "AssertionError: expected [ Array(4) ] to not deeply equal [ Array(4) ]\n    at getRet (http://localhost:55625/__cypress/runner/cypress_runner.js:136585:16)\n    at tryCatcher (http://localhost:55625/__cypress/runner/cypress_runner.js:167415:23)\n    at Function.Promise.attempt.Promise.try (http://localhost:55625/__cypress/runner/cypress_runner.js:164690:29)\n    at Context.thenFn (http://localhost:55625/__cypress/runner/cypress_runner.js:136599:23)\n    at Context.then (http://localhost:55625/__cypress/runner/cypress_runner.js:136971:21)\n    at Context.<anonymous> (http://localhost:55625/__cypress/runner/cypress_runner.js:148875:21)\n    at http://localhost:55625/__cypress/runner/cypress_runner.js:148351:33\n    at tryCatcher (http://localhost:55625/__cypress/runner/cypress_runner.js:167415:23)\n    at Promise._settlePromiseFromHandler (http://localhost:55625/__cypress/runner/cypress_runner.js:165351:31)\n    at Promise._settlePromise (http://localhost:55625/__cypress/runner/cypress_runner.js:165408:18)\n    at Promise._settlePromiseCtx (http://localhost:55625/__cypress/runner/cypress_runner.js:165445:10)\n    at Async../node_modules/bluebird/js/release/async.js.Async._drainQueue (http://localhost:55625/__cypress/runner/cypress_runner.js:162145:12)\n    at Async../node_modules/bluebird/js/release/async.js.Async._drainQueues (http://localhost:55625/__cypress/runner/cypress_runner.js:162150:10)\n    at Async.drainQueues (http://localhost:55625/__cypress/runner/cypress_runner.js:162024:14)",
                "diff": ""
              },
              "uuid": "6b56ba43-d838-443b-bae0-a1ca19cad26a",
              "parentUUID": "39e9a18a-35a0-4c66-9bac-5ea1ba660d61",
              "isHook": false,
              "skipped": false
            },
            {
              "title": "Verifica se a cor preta ainda está presente e é a primeira na sua paleta de cores",
              "fullTitle": "12 - Crie uma função para gerar as cores aleatoriamente ao carregar a página, com exceção da cor preta Verifica se a cor preta ainda está presente e é a primeira na sua paleta de cores",
              "timedOut": null,
              "duration": 378,
              "state": "failed",
              "speed": null,
              "pass": false,
              "fail": true,
              "pending": false,
              "context": null,
              "code": "cy.get('.color').then(function (colors) {\n  var currentColors;\n  var previousColors;\n  previousColors = Array.from(colors).map(function (color) {\n    return Cypress.$(color).css('background-color');\n  });\n  expect(previousColors[0]).to.eq(BLACK);\n  for (var i = 0; i < 5; i += 1) {\n    cy.reload();\n    cy.get('.color').then(function (colors) {\n      currentColors = Array.from(colors).map(function (color) {\n        return Cypress.$(color).css('background-color');\n      });\n      expect(currentColors[0]).to.eq(BLACK);\n      expect(currentColors).not.to.deep.equal(previousColors);\n      previousColors = currentColors;\n    });\n  }\n});",
              "err": {
                "message": "AssertionError: expected [ Array(4) ] to not deeply equal [ Array(4) ]",
                "estack": "AssertionError: expected [ Array(4) ] to not deeply equal [ Array(4) ]\n    at getRet (http://localhost:55625/__cypress/runner/cypress_runner.js:136585:16)\n    at tryCatcher (http://localhost:55625/__cypress/runner/cypress_runner.js:167415:23)\n    at Function.Promise.attempt.Promise.try (http://localhost:55625/__cypress/runner/cypress_runner.js:164690:29)\n    at Context.thenFn (http://localhost:55625/__cypress/runner/cypress_runner.js:136599:23)\n    at Context.then (http://localhost:55625/__cypress/runner/cypress_runner.js:136971:21)\n    at Context.<anonymous> (http://localhost:55625/__cypress/runner/cypress_runner.js:148875:21)\n    at http://localhost:55625/__cypress/runner/cypress_runner.js:148351:33\n    at tryCatcher (http://localhost:55625/__cypress/runner/cypress_runner.js:167415:23)\n    at Promise._settlePromiseFromHandler (http://localhost:55625/__cypress/runner/cypress_runner.js:165351:31)\n    at Promise._settlePromise (http://localhost:55625/__cypress/runner/cypress_runner.js:165408:18)\n    at Promise._settlePromiseCtx (http://localhost:55625/__cypress/runner/cypress_runner.js:165445:10)\n    at Async../node_modules/bluebird/js/release/async.js.Async._drainQueue (http://localhost:55625/__cypress/runner/cypress_runner.js:162145:12)\n    at Async../node_modules/bluebird/js/release/async.js.Async._drainQueues (http://localhost:55625/__cypress/runner/cypress_runner.js:162150:10)\n    at Async.drainQueues (http://localhost:55625/__cypress/runner/cypress_runner.js:162024:14)",
                "diff": ""
              },
              "uuid": "b5d132e9-533c-4bfe-a98b-b6160ef77119",
              "parentUUID": "39e9a18a-35a0-4c66-9bac-5ea1ba660d61",
              "isHook": false,
              "skipped": false
            }
          ],
          "suites": [],
          "passes": [],
          "failures": [
            "6b56ba43-d838-443b-bae0-a1ca19cad26a",
            "b5d132e9-533c-4bfe-a98b-b6160ef77119"
          ],
          "pending": [],
          "skipped": [],
          "duration": 840,
          "root": false,
          "rootEmpty": false,
          "_timeout": 2000
        }
      ],
      "passes": [],
      "failures": [],
      "pending": [],
      "skipped": [],
      "duration": 0,
      "root": true,
      "rootEmpty": true,
      "_timeout": 2000
    }
  ],
  "meta": {
    "mocha": {
      "version": "7.0.1"
    },
    "mochawesome": {
      "options": {
        "quiet": false,
        "reportFilename": "mochawesome",
        "saveHtml": false,
        "saveJson": true,
        "consoleReporter": "spec",
        "useInlineDiffs": false
      },
      "version": "4.1.0"
    },
    "marge": {
      "options": {
        "id": "default",
        "reportDir": "cypress/reports",
        "overwrite": true,
        "html": false,
        "json": true
      },
      "version": "4.1.0"
    }
  }
}